#
# There is insufficient memory for the Java Runtime Environment to continue.
# Native memory allocation (malloc) failed to allocate 1184016 bytes for Chunk::new
# Possible reasons:
#   The system is out of physical RAM or swap space
#   The process is running with CompressedOops enabled, and the Java Heap may be blocking the growth of the native heap
# Possible solutions:
#   Reduce memory load on the system
#   Increase physical memory or swap space
#   Check if swap backing store is full
#   Decrease Java heap size (-Xmx/-Xms)
#   Decrease number of Java threads
#   Decrease Java thread stack sizes (-Xss)
#   Set larger code cache with -XX:ReservedCodeCacheSize=
#   JVM is running with Unscaled Compressed Oops mode in which the Java heap is
#     placed in the first 4GB address space. The Java Heap base address is the
#     maximum limit for the native heap growth. Please use -XX:HeapBaseMinAddress
#     to set the Java Heap base and to place the Java Heap above 4GB virtual address.
# This output file may be truncated or incomplete.
#
#  Out of Memory Error (arena.cpp:189), pid=7236, tid=1512
#
# JRE version: Java(TM) SE Runtime Environment (17.0.12+8) (build 17.0.12+8-LTS-286)
# Java VM: Java HotSpot(TM) 64-Bit Server VM (17.0.12+8-LTS-286, mixed mode, sharing, tiered, compressed oops, compressed class ptrs, g1 gc, windows-amd64)
# No core dump will be written. Minidumps are not enabled by default on client versions of Windows
#

---------------  S U M M A R Y ------------

Command Line: -XX:+ShowCodeDetailsInExceptionMessages com.example.meu_primeiro_springboot.MeuPrimeiroSpringbootApplication

Host: Intel(R) Core(TM) i3-10100 CPU @ 3.60GHz, 8 cores, 3G,  Windows 11 , 64 bit Build 26100 (10.0.26100.4202)
Time: Mon Jun 30 20:39:09 2025 Hora Padrão da Argentina elapsed time: 19.431757 seconds (0d 0h 0m 19s)

---------------  T H R E A D  ---------------

Current thread (0x0000022fc5720b40):  JavaThread "C2 CompilerThread0" daemon [_thread_in_native, id=1512, stack(0x000000e1de600000,0x000000e1de700000)]


Current CompileTask:
C2:  19432 4834       4       org.springframework.core.BridgeMethodResolver::resolveBridgeMethod (180 bytes)

Stack: [0x000000e1de600000,0x000000e1de700000]
Native frames: (J=compiled Java code, j=interpreted, Vv=VM code, C=native code)
V  [jvm.dll+0x67a04a]
V  [jvm.dll+0x7da4ed]
V  [jvm.dll+0x7dbe33]
V  [jvm.dll+0x7dc4a3]
V  [jvm.dll+0x24508f]
V  [jvm.dll+0xab773]
V  [jvm.dll+0xabd3c]
V  [jvm.dll+0x361b9f]
V  [jvm.dll+0x32c431]
V  [jvm.dll+0x32b8ca]
V  [jvm.dll+0x21683f]
V  [jvm.dll+0x215c6f]
V  [jvm.dll+0x1a2960]
V  [jvm.dll+0x22610b]
V  [jvm.dll+0x2242ab]
V  [jvm.dll+0x79075c]
V  [jvm.dll+0x78abea]
V  [jvm.dll+0x678f35]
C  [ucrtbase.dll+0x37b0]
C  [KERNEL32.DLL+0x2e8d7]
C  [ntdll.dll+0x3c34c]


---------------  P R O C E S S  ---------------

Threads class SMR info:
_java_thread_list=0x000002300e514f10, length=32, elements={
0x0000022fc5700bb0, 0x0000022fc5702780, 0x0000022fc571a4a0, 0x0000022fc571af70,
0x0000022fc571c050, 0x0000022fc571ec40, 0x0000022fc5720b40, 0x0000022fc5724e10,
0x0000022fc572db30, 0x0000022fc599f1f0, 0x0000022fc59bc8c0, 0x000002300c5a9340,
0x000002300c5a60a0, 0x000002300c5a9850, 0x000002300c5a6fd0, 0x000002300c5a79f0,
0x000002300c5a65b0, 0x000002300c5a6ac0, 0x000002300c5a8920, 0x000002300c5a74e0,
0x000002300c5a7f00, 0x000002300c5a8410, 0x000002300c5a8e30, 0x000002300e4e0c40,
0x000002300e4e2080, 0x000002300e4e1150, 0x000002300e4e0730, 0x000002300e4e0220,
0x000002300e4e2590, 0x000002300e4e2aa0, 0x000002300e4e2fb0, 0x000002300e4e1660
}

Java Threads: ( => current thread )
  0x0000022fc5700bb0 JavaThread "Reference Handler" daemon [_thread_blocked, id=19064, stack(0x000000e1de000000,0x000000e1de100000)]
  0x0000022fc5702780 JavaThread "Finalizer" daemon [_thread_blocked, id=1492, stack(0x000000e1de100000,0x000000e1de200000)]
  0x0000022fc571a4a0 JavaThread "Signal Dispatcher" daemon [_thread_blocked, id=5820, stack(0x000000e1de200000,0x000000e1de300000)]
  0x0000022fc571af70 JavaThread "Attach Listener" daemon [_thread_blocked, id=3932, stack(0x000000e1de300000,0x000000e1de400000)]
  0x0000022fc571c050 JavaThread "Service Thread" daemon [_thread_blocked, id=6032, stack(0x000000e1de400000,0x000000e1de500000)]
  0x0000022fc571ec40 JavaThread "Monitor Deflation Thread" daemon [_thread_blocked, id=7456, stack(0x000000e1de500000,0x000000e1de600000)]
=>0x0000022fc5720b40 JavaThread "C2 CompilerThread0" daemon [_thread_in_native, id=1512, stack(0x000000e1de600000,0x000000e1de700000)]
  0x0000022fc5724e10 JavaThread "C1 CompilerThread0" daemon [_thread_blocked, id=9868, stack(0x000000e1de700000,0x000000e1de800000)]
  0x0000022fc572db30 JavaThread "Sweeper thread" daemon [_thread_blocked, id=11800, stack(0x000000e1de800000,0x000000e1de900000)]
  0x0000022fc599f1f0 JavaThread "Notification Thread" daemon [_thread_blocked, id=2896, stack(0x000000e1de900000,0x000000e1dea00000)]
  0x0000022fc59bc8c0 JavaThread "Common-Cleaner" daemon [_thread_blocked, id=18520, stack(0x000000e1deb00000,0x000000e1dec00000)]
  0x000002300c5a9340 JavaThread "Catalina-utility-1" [_thread_blocked, id=16544, stack(0x000000e1df700000,0x000000e1df800000)]
  0x000002300c5a60a0 JavaThread "Catalina-utility-2" [_thread_blocked, id=18596, stack(0x000000e1df800000,0x000000e1df900000)]
  0x000002300c5a9850 JavaThread "container-0" [_thread_blocked, id=17696, stack(0x000000e1df900000,0x000000e1dfa00000)]
  0x000002300c5a6fd0 JavaThread "PostgreSQL-JDBC-Cleaner" daemon [_thread_blocked, id=15664, stack(0x000000e1dfa00000,0x000000e1dfb00000)]
  0x000002300c5a79f0 JavaThread "HikariPool-1:housekeeper" daemon [_thread_blocked, id=17176, stack(0x000000e1dfb00000,0x000000e1dfc00000)]
  0x000002300c5a65b0 JavaThread "HikariPool-1:connection-adder" daemon [_thread_blocked, id=10780, stack(0x000000e1dfc00000,0x000000e1dfd00000)]
  0x000002300c5a6ac0 JavaThread "File Watcher" daemon [_thread_blocked, id=8588, stack(0x000000e1dfd00000,0x000000e1dfe00000)]
  0x000002300c5a8920 JavaThread "Live Reload Server" daemon [_thread_in_native, id=3280, stack(0x000000e1dff00000,0x000000e1e0000000)]
  0x000002300c5a74e0 JavaThread "http-nio-8080-exec-1" daemon [_thread_blocked, id=1108, stack(0x000000e1dfe00000,0x000000e1dff00000)]
  0x000002300c5a7f00 JavaThread "http-nio-8080-exec-2" daemon [_thread_blocked, id=13492, stack(0x000000e1e0000000,0x000000e1e0100000)]
  0x000002300c5a8410 JavaThread "http-nio-8080-exec-3" daemon [_thread_blocked, id=19288, stack(0x000000e1e0100000,0x000000e1e0200000)]
  0x000002300c5a8e30 JavaThread "http-nio-8080-exec-4" daemon [_thread_blocked, id=7660, stack(0x000000e1e0200000,0x000000e1e0300000)]
  0x000002300e4e0c40 JavaThread "http-nio-8080-exec-5" daemon [_thread_blocked, id=10076, stack(0x000000e1e0300000,0x000000e1e0400000)]
  0x000002300e4e2080 JavaThread "http-nio-8080-exec-6" daemon [_thread_blocked, id=14808, stack(0x000000e1e0400000,0x000000e1e0500000)]
  0x000002300e4e1150 JavaThread "http-nio-8080-exec-7" daemon [_thread_blocked, id=8880, stack(0x000000e1e0500000,0x000000e1e0600000)]
  0x000002300e4e0730 JavaThread "http-nio-8080-exec-8" daemon [_thread_blocked, id=18020, stack(0x000000e1e0600000,0x000000e1e0700000)]
  0x000002300e4e0220 JavaThread "http-nio-8080-exec-9" daemon [_thread_blocked, id=1524, stack(0x000000e1e0700000,0x000000e1e0800000)]
  0x000002300e4e2590 JavaThread "http-nio-8080-exec-10" daemon [_thread_blocked, id=15544, stack(0x000000e1e0800000,0x000000e1e0900000)]
  0x000002300e4e2aa0 JavaThread "http-nio-8080-Poller" daemon [_thread_in_native, id=19272, stack(0x000000e1e0900000,0x000000e1e0a00000)]
  0x000002300e4e2fb0 JavaThread "http-nio-8080-Acceptor" daemon [_thread_in_native, id=15444, stack(0x000000e1e0a00000,0x000000e1e0b00000)]
  0x000002300e4e1660 JavaThread "DestroyJavaVM" [_thread_blocked, id=13944, stack(0x000000e1dd900000,0x000000e1dda00000)]

Other Threads:
  0x0000022fc56f40d0 VMThread "VM Thread" [stack: 0x000000e1ddf00000,0x000000e1de000000] [id=8100]
  0x0000022fa959f290 WatcherThread [stack: 0x000000e1dea00000,0x000000e1deb00000] [id=8860]
  0x0000022fa958b690 GCTaskThread "GC Thread#0" [stack: 0x000000e1dda00000,0x000000e1ddb00000] [id=12552]
  0x000002300b60ba40 GCTaskThread "GC Thread#1" [stack: 0x000000e1ded00000,0x000000e1dee00000] [id=11720]
  0x000002300b60bd00 GCTaskThread "GC Thread#2" [stack: 0x000000e1dee00000,0x000000e1def00000] [id=14192]
  0x000002300b60bfc0 GCTaskThread "GC Thread#3" [stack: 0x000000e1def00000,0x000000e1df000000] [id=2952]
  0x000002300b6f0930 GCTaskThread "GC Thread#4" [stack: 0x000000e1df000000,0x000000e1df100000] [id=2196]
  0x000002300ba92b50 GCTaskThread "GC Thread#5" [stack: 0x000000e1df300000,0x000000e1df400000] [id=18416]
  0x000002300ba93e90 GCTaskThread "GC Thread#6" [stack: 0x000000e1df400000,0x000000e1df500000] [id=11064]
  0x000002300ba92e10 GCTaskThread "GC Thread#7" [stack: 0x000000e1df500000,0x000000e1df600000] [id=13992]
  0x0000022fa9595b00 ConcurrentGCThread "G1 Main Marker" [stack: 0x000000e1ddb00000,0x000000e1ddc00000] [id=7412]
  0x0000022fa9597cc0 ConcurrentGCThread "G1 Conc#0" [stack: 0x000000e1ddc00000,0x000000e1ddd00000] [id=15512]
  0x000002300ba93390 ConcurrentGCThread "G1 Conc#1" [stack: 0x000000e1df200000,0x000000e1df300000] [id=7392]
  0x0000022fa95fec80 ConcurrentGCThread "G1 Refine#0" [stack: 0x000000e1ddd00000,0x000000e1dde00000] [id=6172]
  0x0000022fc55b3690 ConcurrentGCThread "G1 Service" [stack: 0x000000e1dde00000,0x000000e1ddf00000] [id=11080]

Threads with active compile tasks:
C2 CompilerThread0    19508 4834       4       org.springframework.core.BridgeMethodResolver::resolveBridgeMethod (180 bytes)

VM state: not at safepoint (normal execution)

VM Mutex/Monitor currently owned by a thread: None

Heap address: 0x00000000c3e00000, size: 962 MB, Compressed Oops mode: 32-bit

CDS archive(s) mapped at: [0x0000022fc6000000-0x0000022fc6bd0000-0x0000022fc6bd0000), size 12386304, SharedBaseAddress: 0x0000022fc6000000, ArchiveRelocationMode: 1.
Compressed class space mapped at: 0x0000022fc7000000-0x0000023007000000, reserved size: 1073741824
Narrow klass base: 0x0000022fc6000000, Narrow klass shift: 0, Narrow klass range: 0x100000000

GC Precious Log:
 CPUs: 8 total, 8 available
 Memory: 3842M
 Large Page Support: Disabled
 NUMA Support: Disabled
 Compressed Oops: Enabled (32-bit)
 Heap Region Size: 1M
 Heap Min Capacity: 8M
 Heap Initial Capacity: 62M
 Heap Max Capacity: 962M
 Pre-touch: Disabled
 Parallel Workers: 8
 Concurrent Workers: 2
 Concurrent Refinement Workers: 8
 Periodic GC: Disabled

Heap:
 garbage-first heap   total 55296K, used 29239K [0x00000000c3e00000, 0x0000000100000000)
  region size 1024K, 5 young (5120K), 2 survivors (2048K)
 Metaspace       used 59253K, committed 59840K, reserved 1114112K
  class space    used 8182K, committed 8448K, reserved 1048576K

Heap Regions: E=young(eden), S=young(survivor), O=old, HS=humongous(starts), HC=humongous(continues), CS=collection set, F=free, OA=open archive, CA=closed archive, TAMS=top-at-mark-start (previous, next)
|   0|0x00000000c3e00000, 0x00000000c3f00000, 0x00000000c3f00000|100%|HS|  |TAMS 0x00000000c3f00000, 0x00000000c3e00000| Complete 
|   1|0x00000000c3f00000, 0x00000000c4000000, 0x00000000c4000000|100%|HS|  |TAMS 0x00000000c4000000, 0x00000000c3f00000| Complete 
|   2|0x00000000c4000000, 0x00000000c4100000, 0x00000000c4100000|100%| O|  |TAMS 0x00000000c4100000, 0x00000000c4000000| Untracked 
|   3|0x00000000c4100000, 0x00000000c4200000, 0x00000000c4200000|100%| O|  |TAMS 0x00000000c4200000, 0x00000000c4100000| Untracked 
|   4|0x00000000c4200000, 0x00000000c4300000, 0x00000000c4300000|100%| O|  |TAMS 0x00000000c4300000, 0x00000000c4200000| Untracked 
|   5|0x00000000c4300000, 0x00000000c4400000, 0x00000000c4400000|100%| O|  |TAMS 0x00000000c4400000, 0x00000000c4300000| Untracked 
|   6|0x00000000c4400000, 0x00000000c4500000, 0x00000000c4500000|100%| O|  |TAMS 0x00000000c4500000, 0x00000000c4400000| Untracked 
|   7|0x00000000c4500000, 0x00000000c4600000, 0x00000000c4600000|100%| O|  |TAMS 0x00000000c4600000, 0x00000000c4500000| Untracked 
|   8|0x00000000c4600000, 0x00000000c4700000, 0x00000000c4700000|100%| O|  |TAMS 0x00000000c4700000, 0x00000000c4600000| Untracked 
|   9|0x00000000c4700000, 0x00000000c4800000, 0x00000000c4800000|100%| O|  |TAMS 0x00000000c4800000, 0x00000000c4700000| Untracked 
|  10|0x00000000c4800000, 0x00000000c4900000, 0x00000000c4900000|100%| O|  |TAMS 0x00000000c4900000, 0x00000000c4800000| Untracked 
|  11|0x00000000c4900000, 0x00000000c4a00000, 0x00000000c4a00000|100%| O|  |TAMS 0x00000000c4a00000, 0x00000000c4900000| Untracked 
|  12|0x00000000c4a00000, 0x00000000c4b00000, 0x00000000c4b00000|100%| O|  |TAMS 0x00000000c4b00000, 0x00000000c4a00000| Untracked 
|  13|0x00000000c4b00000, 0x00000000c4c00000, 0x00000000c4c00000|100%| O|  |TAMS 0x00000000c4b0e400, 0x00000000c4b00000| Untracked 
|  14|0x00000000c4c00000, 0x00000000c4d00000, 0x00000000c4d00000|100%| O|  |TAMS 0x00000000c4d00000, 0x00000000c4c00000| Untracked 
|  15|0x00000000c4d00000, 0x00000000c4e00000, 0x00000000c4e00000|100%| O|  |TAMS 0x00000000c4e00000, 0x00000000c4d00000| Untracked 
|  16|0x00000000c4e00000, 0x00000000c4f00000, 0x00000000c4f00000|100%| O|  |TAMS 0x00000000c4f00000, 0x00000000c4e00000| Untracked 
|  17|0x00000000c4f00000, 0x00000000c5000000, 0x00000000c5000000|100%| O|  |TAMS 0x00000000c4f00000, 0x00000000c4f00000| Untracked 
|  18|0x00000000c5000000, 0x00000000c5100000, 0x00000000c5100000|100%| O|  |TAMS 0x00000000c5000000, 0x00000000c5000000| Untracked 
|  19|0x00000000c5100000, 0x00000000c5200000, 0x00000000c5200000|100%| O|  |TAMS 0x00000000c5100000, 0x00000000c5100000| Untracked 
|  20|0x00000000c5200000, 0x00000000c5300000, 0x00000000c5300000|100%| O|  |TAMS 0x00000000c5200000, 0x00000000c5200000| Untracked 
|  21|0x00000000c5300000, 0x00000000c5400000, 0x00000000c5400000|100%| O|  |TAMS 0x00000000c5300000, 0x00000000c5300000| Untracked 
|  22|0x00000000c5400000, 0x00000000c5500000, 0x00000000c5500000|100%| O|  |TAMS 0x00000000c5400000, 0x00000000c5400000| Untracked 
|  23|0x00000000c5500000, 0x00000000c5600000, 0x00000000c5600000|100%| O|  |TAMS 0x00000000c5500000, 0x00000000c5500000| Untracked 
|  24|0x00000000c5600000, 0x00000000c5699200, 0x00000000c5700000| 59%| O|  |TAMS 0x00000000c5600000, 0x00000000c5600000| Untracked 
|  25|0x00000000c5700000, 0x00000000c5700000, 0x00000000c5800000|  0%| F|  |TAMS 0x00000000c5700000, 0x00000000c5700000| Untracked 
|  26|0x00000000c5800000, 0x00000000c5800000, 0x00000000c5900000|  0%| F|  |TAMS 0x00000000c5800000, 0x00000000c5800000| Untracked 
|  27|0x00000000c5900000, 0x00000000c5900000, 0x00000000c5a00000|  0%| F|  |TAMS 0x00000000c5900000, 0x00000000c5900000| Untracked 
|  28|0x00000000c5a00000, 0x00000000c5a00000, 0x00000000c5b00000|  0%| F|  |TAMS 0x00000000c5a00000, 0x00000000c5a00000| Untracked 
|  29|0x00000000c5b00000, 0x00000000c5b00000, 0x00000000c5c00000|  0%| F|  |TAMS 0x00000000c5b00000, 0x00000000c5b00000| Untracked 
|  30|0x00000000c5c00000, 0x00000000c5c00000, 0x00000000c5d00000|  0%| F|  |TAMS 0x00000000c5c00000, 0x00000000c5c00000| Untracked 
|  31|0x00000000c5d00000, 0x00000000c5d00000, 0x00000000c5e00000|  0%| F|  |TAMS 0x00000000c5d00000, 0x00000000c5d00000| Untracked 
|  32|0x00000000c5e00000, 0x00000000c5e00000, 0x00000000c5f00000|  0%| F|  |TAMS 0x00000000c5e00000, 0x00000000c5e00000| Untracked 
|  33|0x00000000c5f00000, 0x00000000c5f00000, 0x00000000c6000000|  0%| F|  |TAMS 0x00000000c5f00000, 0x00000000c5f00000| Untracked 
|  34|0x00000000c6000000, 0x00000000c60f4c00, 0x00000000c6100000| 95%| S|CS|TAMS 0x00000000c6000000, 0x00000000c6000000| Complete 
|  35|0x00000000c6100000, 0x00000000c6200000, 0x00000000c6200000|100%| S|CS|TAMS 0x00000000c6100000, 0x00000000c6100000| Complete 
|  36|0x00000000c6200000, 0x00000000c6200000, 0x00000000c6300000|  0%| F|  |TAMS 0x00000000c6200000, 0x00000000c6200000| Untracked 
|  37|0x00000000c6300000, 0x00000000c6300000, 0x00000000c6400000|  0%| F|  |TAMS 0x00000000c6300000, 0x00000000c6300000| Untracked 
|  38|0x00000000c6400000, 0x00000000c6400000, 0x00000000c6500000|  0%| F|  |TAMS 0x00000000c6400000, 0x00000000c6400000| Untracked 
|  39|0x00000000c6500000, 0x00000000c6500000, 0x00000000c6600000|  0%| F|  |TAMS 0x00000000c6500000, 0x00000000c6500000| Untracked 
|  40|0x00000000c6600000, 0x00000000c6600000, 0x00000000c6700000|  0%| F|  |TAMS 0x00000000c6600000, 0x00000000c6600000| Untracked 
|  41|0x00000000c6700000, 0x00000000c6700000, 0x00000000c6800000|  0%| F|  |TAMS 0x00000000c6700000, 0x00000000c6700000| Untracked 
|  42|0x00000000c6800000, 0x00000000c6800000, 0x00000000c6900000|  0%| F|  |TAMS 0x00000000c6800000, 0x00000000c6800000| Untracked 
|  43|0x00000000c6900000, 0x00000000c6900000, 0x00000000c6a00000|  0%| F|  |TAMS 0x00000000c6900000, 0x00000000c6900000| Untracked 
|  44|0x00000000c6a00000, 0x00000000c6a00000, 0x00000000c6b00000|  0%| F|  |TAMS 0x00000000c6a00000, 0x00000000c6a00000| Untracked 
|  45|0x00000000c6b00000, 0x00000000c6b00000, 0x00000000c6c00000|  0%| F|  |TAMS 0x00000000c6b00000, 0x00000000c6b00000| Untracked 
|  46|0x00000000c6c00000, 0x00000000c6c00000, 0x00000000c6d00000|  0%| F|  |TAMS 0x00000000c6c00000, 0x00000000c6c00000| Untracked 
|  47|0x00000000c6d00000, 0x00000000c6d00000, 0x00000000c6e00000|  0%| F|  |TAMS 0x00000000c6d00000, 0x00000000c6d00000| Untracked 
|  48|0x00000000c6e00000, 0x00000000c6e00000, 0x00000000c6f00000|  0%| F|  |TAMS 0x00000000c6e00000, 0x00000000c6e00000| Untracked 
|  49|0x00000000c6f00000, 0x00000000c6f00000, 0x00000000c7000000|  0%| F|  |TAMS 0x00000000c6f00000, 0x00000000c6f00000| Untracked 
|  50|0x00000000c7000000, 0x00000000c7000000, 0x00000000c7100000|  0%| F|  |TAMS 0x00000000c7000000, 0x00000000c7000000| Untracked 
|  51|0x00000000c7100000, 0x00000000c7200000, 0x00000000c7200000|100%| E|  |TAMS 0x00000000c7100000, 0x00000000c7100000| Complete 
|  52|0x00000000c7200000, 0x00000000c7300000, 0x00000000c7300000|100%| E|CS|TAMS 0x00000000c7200000, 0x00000000c7200000| Complete 
|  61|0x00000000c7b00000, 0x00000000c7c00000, 0x00000000c7c00000|100%| E|CS|TAMS 0x00000000c7b00000, 0x00000000c7b00000| Complete 

Card table byte_map: [0x0000022fc0b20000,0x0000022fc0d10000] _byte_map_base: 0x0000022fc0501000

Marking Bits (Prev, Next): (CMBitMap*) 0x0000022fa958ccc0, (CMBitMap*) 0x0000022fa958cd00
 Prev Bits: [0x0000022fc0f00000, 0x0000022fc1e08000)
 Next Bits: [0x0000022fc1e10000, 0x0000022fc2d18000)

Polling page: 0x0000022fa9600000

Metaspace:

Usage:
  Non-class:     49.87 MB used.
      Class:      7.99 MB used.
       Both:     57.86 MB used.

Virtual space:
  Non-class space:       64.00 MB reserved,      50.19 MB ( 78%) committed,  1 nodes.
      Class space:        1.00 GB reserved,       8.25 MB ( <1%) committed,  1 nodes.
             Both:        1.06 GB reserved,      58.44 MB (  5%) committed. 

Chunk freelists:
   Non-Class:  13.83 MB
       Class:  7.67 MB
        Both:  21.50 MB

MaxMetaspaceSize: unlimited
CompressedClassSpaceSize: 1.00 GB
Initial GC threshold: 21.00 MB
Current GC threshold: 58.75 MB
CDS: on
MetaspaceReclaimPolicy: balanced
 - commit_granule_bytes: 65536.
 - commit_granule_words: 8192.
 - virtual_space_node_default_size: 8388608.
 - enlarge_chunks_in_place: 1.
 - new_chunks_are_fully_committed: 0.
 - uncommit_free_chunks: 1.
 - use_allocation_guard: 0.
 - handle_deallocations: 1.


Internal statistics:

num_allocs_failed_limit: 6.
num_arena_births: 740.
num_arena_deaths: 0.
num_vsnodes_births: 2.
num_vsnodes_deaths: 0.
num_space_committed: 935.
num_space_uncommitted: 0.
num_chunks_returned_to_freelist: 6.
num_chunks_taken_from_freelist: 2917.
num_chunk_merges: 6.
num_chunk_splits: 2127.
num_chunks_enlarged: 1665.
num_inconsistent_stats: 0.

CodeHeap 'non-profiled nmethods': size=120000Kb used=2899Kb max_used=3074Kb free=117100Kb
 bounds [0x0000022fb89a0000, 0x0000022fb8cd0000, 0x0000022fbfed0000]
CodeHeap 'profiled nmethods': size=120000Kb used=8150Kb max_used=9778Kb free=111849Kb
 bounds [0x0000022fb0ed0000, 0x0000022fb1860000, 0x0000022fb8400000]
CodeHeap 'non-nmethods': size=5760Kb used=1307Kb max_used=1391Kb free=4452Kb
 bounds [0x0000022fb8400000, 0x0000022fb8670000, 0x0000022fb89a0000]
 total_blobs=5046 nmethods=4412 adapters=546
 compilation: enabled
              stopped_count=0, restarted_count=0
 full_count=0

Compilation events (20 events):
Event: 18.317 Thread 0x0000022fc5720b40 nmethod 5118 0x0000022fb8bd5510 code [0x0000022fb8bd5940, 0x0000022fb8bd8ab0]
Event: 18.317 Thread 0x0000022fc5720b40 4850       4       java.util.Objects::equals (23 bytes)
Event: 18.318 Thread 0x0000022fc5720b40 nmethod 4850 0x0000022fb8a10b90 code [0x0000022fb8a10d00, 0x0000022fb8a10d98]
Event: 18.318 Thread 0x0000022fc5720b40 5225       4       org.springframework.boot.autoconfigure.condition.ConditionEvaluationReport$$Lambda$1503/0x0000022fc7850230::accept (20 bytes)
Event: 18.330 Thread 0x0000022fc5720b40 nmethod 5225 0x0000022fb89cf610 code [0x0000022fb89cf820, 0x0000022fb89d0068]
Event: 18.330 Thread 0x0000022fc5720b40 5231       4       java.lang.invoke.DirectMethodHandle::allocateInstance (16 bytes)
Event: 18.331 Thread 0x0000022fc5720b40 nmethod 5231 0x0000022fb8c1f110 code [0x0000022fb8c1f2a0, 0x0000022fb8c1f438]
Event: 18.331 Thread 0x0000022fc5720b40 5232       4       java.lang.invoke.DirectMethodHandle::constructorMethod (10 bytes)
Event: 18.331 Thread 0x0000022fc5720b40 nmethod 5232 0x0000022fb8c1eb90 code [0x0000022fb8c1ed00, 0x0000022fb8c1ed98]
Event: 18.331 Thread 0x0000022fc5720b40 4923       4       java.lang.Class::getInterfaces (6 bytes)
Event: 18.337 Thread 0x0000022fc5720b40 nmethod 4923 0x0000022fb8af1090 code [0x0000022fb8af1240, 0x0000022fb8af18a8]
Event: 18.337 Thread 0x0000022fc5720b40 4823       4       org.springframework.core.annotation.MergedAnnotations::from (41 bytes)
Event: 18.343 Thread 0x0000022fc5720b40 nmethod 4823 0x0000022fb89b7510 code [0x0000022fb89b7700, 0x0000022fb89b7d50]
Event: 18.343 Thread 0x0000022fc5720b40 4968       4       java.lang.ref.Reference::<init> (25 bytes)
Event: 18.345 Thread 0x0000022fc5720b40 nmethod 4968 0x0000022fb8aaf090 code [0x0000022fb8aaf200, 0x0000022fb8aaf458]
Event: 18.345 Thread 0x0000022fc5720b40 4834       4       org.springframework.core.BridgeMethodResolver::resolveBridgeMethod (180 bytes)
Event: 18.951 Thread 0x0000022fc5724e10 5246       3       java.io.File::hashCode (8 bytes)
Event: 18.952 Thread 0x0000022fc5724e10 nmethod 5246 0x0000022fb1458c90 code [0x0000022fb1458e80, 0x0000022fb1459248]
Event: 18.952 Thread 0x0000022fc5724e10 5247       3       java.io.WinNTFileSystem::hashCode (18 bytes)
Event: 18.952 Thread 0x0000022fc5724e10 nmethod 5247 0x0000022fb0f5a110 code [0x0000022fb0f5a300, 0x0000022fb0f5a668]

GC Heap History (20 events):
Event: 8.487 GC heap before
{Heap before GC invocations=7 (full 0):
 garbage-first heap   total 55296K, used 18424K [0x00000000c3e00000, 0x0000000100000000)
  region size 1024K, 5 young (5120K), 4 survivors (4096K)
 Metaspace       used 26464K, committed 26880K, reserved 1114112K
  class space    used 3426K, committed 3648K, reserved 1048576K
}
Event: 8.492 GC heap after
{Heap after GC invocations=8 (full 0):
 garbage-first heap   total 55296K, used 17819K [0x00000000c3e00000, 0x0000000100000000)
  region size 1024K, 1 young (1024K), 1 survivors (1024K)
 Metaspace       used 26464K, committed 26880K, reserved 1114112K
  class space    used 3426K, committed 3648K, reserved 1048576K
}
Event: 11.514 GC heap before
{Heap before GC invocations=8 (full 0):
 garbage-first heap   total 55296K, used 39323K [0x00000000c3e00000, 0x0000000100000000)
  region size 1024K, 23 young (23552K), 1 survivors (1024K)
 Metaspace       used 30110K, committed 30464K, reserved 1114112K
  class space    used 3876K, committed 4032K, reserved 1048576K
}
Event: 11.516 GC heap after
{Heap after GC invocations=9 (full 0):
 garbage-first heap   total 55296K, used 18966K [0x00000000c3e00000, 0x0000000100000000)
  region size 1024K, 2 young (2048K), 2 survivors (2048K)
 Metaspace       used 30110K, committed 30464K, reserved 1114112K
  class space    used 3876K, committed 4032K, reserved 1048576K
}
Event: 12.151 GC heap before
{Heap before GC invocations=9 (full 0):
 garbage-first heap   total 55296K, used 41494K [0x00000000c3e00000, 0x0000000100000000)
  region size 1024K, 24 young (24576K), 2 survivors (2048K)
 Metaspace       used 35180K, committed 35648K, reserved 1114112K
  class space    used 4719K, committed 4928K, reserved 1048576K
}
Event: 12.154 GC heap after
{Heap after GC invocations=10 (full 0):
 garbage-first heap   total 55296K, used 20104K [0x00000000c3e00000, 0x0000000100000000)
  region size 1024K, 3 young (3072K), 3 survivors (3072K)
 Metaspace       used 35180K, committed 35648K, reserved 1114112K
  class space    used 4719K, committed 4928K, reserved 1048576K
}
Event: 12.178 GC heap before
{Heap before GC invocations=10 (full 0):
 garbage-first heap   total 55296K, used 21128K [0x00000000c3e00000, 0x0000000100000000)
  region size 1024K, 5 young (5120K), 3 survivors (3072K)
 Metaspace       used 35528K, committed 35968K, reserved 1114112K
  class space    used 4773K, committed 4992K, reserved 1048576K
}
Event: 12.181 GC heap after
{Heap after GC invocations=11 (full 0):
 garbage-first heap   total 55296K, used 20284K [0x00000000c3e00000, 0x0000000100000000)
  region size 1024K, 2 young (2048K), 2 survivors (2048K)
 Metaspace       used 35528K, committed 35968K, reserved 1114112K
  class space    used 4773K, committed 4992K, reserved 1048576K
}
Event: 13.944 GC heap before
{Heap before GC invocations=12 (full 0):
 garbage-first heap   total 55296K, used 41788K [0x00000000c3e00000, 0x0000000100000000)
  region size 1024K, 24 young (24576K), 2 survivors (2048K)
 Metaspace       used 41680K, committed 42112K, reserved 1114112K
  class space    used 5594K, committed 5760K, reserved 1048576K
}
Event: 13.949 GC heap after
{Heap after GC invocations=13 (full 0):
 garbage-first heap   total 55296K, used 21727K [0x00000000c3e00000, 0x0000000100000000)
  region size 1024K, 3 young (3072K), 3 survivors (3072K)
 Metaspace       used 41680K, committed 42112K, reserved 1114112K
  class space    used 5594K, committed 5760K, reserved 1048576K
}
Event: 14.006 GC heap before
{Heap before GC invocations=13 (full 0):
 garbage-first heap   total 55296K, used 21727K [0x00000000c3e00000, 0x0000000100000000)
  region size 1024K, 4 young (4096K), 3 survivors (3072K)
 Metaspace       used 41975K, committed 42432K, reserved 1114112K
  class space    used 5618K, committed 5824K, reserved 1048576K
}
Event: 14.010 GC heap after
{Heap after GC invocations=14 (full 0):
 garbage-first heap   total 55296K, used 21709K [0x00000000c3e00000, 0x0000000100000000)
  region size 1024K, 1 young (1024K), 1 survivors (1024K)
 Metaspace       used 41975K, committed 42432K, reserved 1114112K
  class space    used 5618K, committed 5824K, reserved 1048576K
}
Event: 15.065 GC heap before
{Heap before GC invocations=14 (full 0):
 garbage-first heap   total 55296K, used 42189K [0x00000000c3e00000, 0x0000000100000000)
  region size 1024K, 22 young (22528K), 1 survivors (1024K)
 Metaspace       used 47646K, committed 48064K, reserved 1114112K
  class space    used 6452K, committed 6656K, reserved 1048576K
}
Event: 15.067 GC heap after
{Heap after GC invocations=15 (full 0):
 garbage-first heap   total 55296K, used 22533K [0x00000000c3e00000, 0x0000000100000000)
  region size 1024K, 2 young (2048K), 2 survivors (2048K)
 Metaspace       used 47646K, committed 48064K, reserved 1114112K
  class space    used 6452K, committed 6656K, reserved 1048576K
}
Event: 15.781 GC heap before
{Heap before GC invocations=15 (full 0):
 garbage-first heap   total 55296K, used 41989K [0x00000000c3e00000, 0x0000000100000000)
  region size 1024K, 22 young (22528K), 2 survivors (2048K)
 Metaspace       used 52695K, committed 53184K, reserved 1114112K
  class space    used 7288K, committed 7488K, reserved 1048576K
}
Event: 15.784 GC heap after
{Heap after GC invocations=16 (full 0):
 garbage-first heap   total 55296K, used 23318K [0x00000000c3e00000, 0x0000000100000000)
  region size 1024K, 2 young (2048K), 2 survivors (2048K)
 Metaspace       used 52695K, committed 53184K, reserved 1114112K
  class space    used 7288K, committed 7488K, reserved 1048576K
}
Event: 16.367 GC heap before
{Heap before GC invocations=16 (full 0):
 garbage-first heap   total 55296K, used 44822K [0x00000000c3e00000, 0x0000000100000000)
  region size 1024K, 23 young (23552K), 2 survivors (2048K)
 Metaspace       used 56106K, committed 56640K, reserved 1114112K
  class space    used 7753K, committed 8000K, reserved 1048576K
}
Event: 16.371 GC heap after
{Heap after GC invocations=17 (full 0):
 garbage-first heap   total 55296K, used 25490K [0x00000000c3e00000, 0x0000000100000000)
  region size 1024K, 3 young (3072K), 3 survivors (3072K)
 Metaspace       used 56106K, committed 56640K, reserved 1114112K
  class space    used 7753K, committed 8000K, reserved 1048576K
}
Event: 16.985 GC heap before
{Heap before GC invocations=17 (full 0):
 garbage-first heap   total 55296K, used 43922K [0x00000000c3e00000, 0x0000000100000000)
  region size 1024K, 21 young (21504K), 3 survivors (3072K)
 Metaspace       used 58903K, committed 59456K, reserved 1114112K
  class space    used 8135K, committed 8384K, reserved 1048576K
}
Event: 16.989 GC heap after
{Heap after GC invocations=18 (full 0):
 garbage-first heap   total 55296K, used 27191K [0x00000000c3e00000, 0x0000000100000000)
  region size 1024K, 2 young (2048K), 2 survivors (2048K)
 Metaspace       used 58903K, committed 59456K, reserved 1114112K
  class space    used 8135K, committed 8384K, reserved 1048576K
}

Deoptimization events (20 events):
Event: 16.822 Thread 0x000002300b28b250 DEOPT PACKING pc=0x0000022fb110f223 sp=0x000000e1df1fc3a0
Event: 16.822 Thread 0x000002300b28b250 DEOPT UNPACKING pc=0x0000022fb8452b43 sp=0x000000e1df1fb810 mode 0
Event: 16.954 Thread 0x000002300b28b250 Uncommon trap: trap_request=0xffffff45 fr.pc=0x0000022fb8a12fe0 relative=0x0000000000000060
Event: 16.954 Thread 0x000002300b28b250 Uncommon trap: reason=unstable_if action=reinterpret pc=0x0000022fb8a12fe0 method=org.springframework.util.ConcurrentReferenceHashMap$Segment.clear()V @ 7 c2
Event: 16.954 Thread 0x000002300b28b250 DEOPT PACKING pc=0x0000022fb8a12fe0 sp=0x000000e1df1fe2d0
Event: 16.954 Thread 0x000002300b28b250 DEOPT UNPACKING pc=0x0000022fb84523a3 sp=0x000000e1df1fe260 mode 2
Event: 16.959 Thread 0x000002300b28b250 Uncommon trap: trap_request=0xffffff54 fr.pc=0x0000022fb8aa3ae4 relative=0x0000000000000344
Event: 16.959 Thread 0x000002300b28b250 Uncommon trap: reason=speculate_null_assert action=make_not_entrant pc=0x0000022fb8aa3ae4 method=org.springframework.util.ConcurrentReferenceHashMap$Segment.restructureIfNecessary(Z)V @ 41 c2
Event: 16.959 Thread 0x000002300b28b250 DEOPT PACKING pc=0x0000022fb8aa3ae4 sp=0x000000e1df1fdfc0
Event: 16.959 Thread 0x000002300b28b250 DEOPT UNPACKING pc=0x0000022fb84523a3 sp=0x000000e1df1fdf88 mode 2
Event: 17.009 Thread 0x000002300b28b250 Uncommon trap: trap_request=0xffffff45 fr.pc=0x0000022fb8ba925c relative=0x000000000000091c
Event: 17.009 Thread 0x000002300b28b250 Uncommon trap: reason=unstable_if action=reinterpret pc=0x0000022fb8ba925c method=java.lang.Integer.stringSize(I)I @ 19 c2
Event: 17.009 Thread 0x000002300b28b250 DEOPT PACKING pc=0x0000022fb8ba925c sp=0x000000e1df1fd4d0
Event: 17.009 Thread 0x000002300b28b250 DEOPT UNPACKING pc=0x0000022fb84523a3 sp=0x000000e1df1fd418 mode 2
Event: 17.033 Thread 0x000002300b28b250 Uncommon trap: trap_request=0xffffff45 fr.pc=0x0000022fb8b1b5a0 relative=0x0000000000000100
Event: 17.033 Thread 0x000002300b28b250 Uncommon trap: reason=unstable_if action=reinterpret pc=0x0000022fb8b1b5a0 method=java.util.ArrayList.indexOfRange(Ljava/lang/Object;II)I @ 7 c2
Event: 17.034 Thread 0x000002300b28b250 DEOPT PACKING pc=0x0000022fb8b1b5a0 sp=0x000000e1df1fdc80
Event: 17.034 Thread 0x000002300b28b250 DEOPT UNPACKING pc=0x0000022fb84523a3 sp=0x000000e1df1fdc00 mode 2
Event: 17.044 Thread 0x000002300b28b250 DEOPT PACKING pc=0x0000022fb1369746 sp=0x000000e1df1fddd0
Event: 17.044 Thread 0x000002300b28b250 DEOPT UNPACKING pc=0x0000022fb8452b43 sp=0x000000e1df1fd2a8 mode 0

Classes unloaded (0 events):
No events

Classes redefined (0 events):
No events

Internal exceptions (20 events):
Event: 15.417 Thread 0x000002300b28b250 Exception <a 'java/lang/NoSuchMethodError'{0x00000000c66ad418}: 'java.lang.Object java.lang.invoke.Invokers$Holder.linkToTargetMethod(java.lang.Object, java.lang.Object, java.lang.Object, java.lang.Object, java.lang.Object, java.lang.Object, java.lang.Object, java.lang.Object, java.lang.Object, java.lang.Object, java.lang.Object, java.lang.Object)'> (0x00000000c66ad418) 
thrown [s\open\src\hotspot\share\interpreter\linkResolver.cpp, line 759]
Event: 15.468 Thread 0x000002300b28b250 Exception <a 'java/lang/IncompatibleClassChangeError'{0x00000000c6448490}: Found class java.lang.Object, but interface was expected> (0x00000000c6448490) 
thrown [s\open\src\hotspot\share\interpreter\linkResolver.cpp, line 826]
Event: 15.503 Thread 0x000002300b28b250 Exception <a 'java/lang/NoSuchMethodError'{0x00000000c64cebd8}: 'java.lang.Object java.lang.invoke.DirectMethodHandle$Holder.newInvokeSpecial(java.lang.Object, java.lang.Object, java.lang.Object, java.lang.Object, java.lang.Object, java.lang.Object, java.lang.Object, int)'> (0x00000000c64cebd8) 
thrown [s\open\src\hotspot\share\interpreter\linkResolver.cpp, line 759]
Event: 15.503 Thread 0x000002300b28b250 Exception <a 'java/lang/NoSuchMethodError'{0x00000000c64d3bd0}: 'java.lang.Object java.lang.invoke.DirectMethodHandle$Holder.invokeSpecial(java.lang.Object, java.lang.Object, java.lang.Object, java.lang.Object, java.lang.Object, java.lang.Object, java.lang.Object, java.lang.Object, int)'> (0x00000000c64d3bd0) 
thrown [s\open\src\hotspot\share\interpreter\linkResolver.cpp, line 759]
Event: 15.503 Thread 0x000002300b28b250 Exception <a 'java/lang/NoSuchMethodError'{0x00000000c64d8698}: 'java.lang.Object java.lang.invoke.Invokers$Holder.linkToTargetMethod(java.lang.Object, java.lang.Object, java.lang.Object, java.lang.Object, java.lang.Object, java.lang.Object, int, java.lang.Object)'> (0x00000000c64d8698) 
thrown [s\open\src\hotspot\share\interpreter\linkResolver.cpp, line 759]
Event: 15.898 Thread 0x000002300b28b250 Exception <a 'java/lang/NoSuchMethodError'{0x00000000c72860b0}: 'int java.lang.invoke.DirectMethodHandle$Holder.invokeStaticInit(java.lang.Object, int, java.lang.Object, java.lang.Object, java.lang.Object, java.lang.Object)'> (0x00000000c72860b0) 
thrown [s\open\src\hotspot\share\interpreter\linkResolver.cpp, line 759]
Event: 15.992 Thread 0x000002300b28b250 Exception <a 'java/lang/NoSuchMethodError'{0x00000000c70516d8}: 'java.lang.Object java.lang.invoke.DirectMethodHandle$Holder.invokeStatic(java.lang.Object, int, java.lang.Object, java.lang.Object)'> (0x00000000c70516d8) 
thrown [s\open\src\hotspot\share\interpreter\linkResolver.cpp, line 759]
Event: 15.992 Thread 0x000002300b28b250 Exception <a 'java/lang/NoSuchMethodError'{0x00000000c7055df0}: 'java.lang.Object java.lang.invoke.DirectMethodHandle$Holder.invokeSpecial(java.lang.Object, java.lang.Object, int, java.lang.Object, java.lang.Object)'> (0x00000000c7055df0) 
thrown [s\open\src\hotspot\share\interpreter\linkResolver.cpp, line 759]
Event: 15.992 Thread 0x000002300b28b250 Exception <a 'java/lang/NoSuchMethodError'{0x00000000c7059d40}: 'java.lang.Object java.lang.invoke.DelegatingMethodHandle$Holder.delegate(java.lang.Object, int, java.lang.Object, java.lang.Object)'> (0x00000000c7059d40) 
thrown [s\open\src\hotspot\share\interpreter\linkResolver.cpp, line 759]
Event: 15.995 Thread 0x000002300b28b250 Exception <a 'java/lang/NoSuchMethodError'{0x00000000c706ae70}: 'int java.lang.invoke.Invokers$Holder.linkToTargetMethod(java.lang.Object, java.lang.Object, java.lang.Object)'> (0x00000000c706ae70) 
thrown [s\open\src\hotspot\share\interpreter\linkResolver.cpp, line 759]
Event: 16.080 Thread 0x000002300b28b250 Exception <a 'java/lang/IncompatibleClassChangeError'{0x00000000c6be1698}: Found class java.lang.Object, but interface was expected> (0x00000000c6be1698) 
thrown [s\open\src\hotspot\share\interpreter\linkResolver.cpp, line 826]
Event: 16.116 Thread 0x000002300b28b250 Exception <a 'java/lang/IncompatibleClassChangeError'{0x00000000c69903c8}: Found class java.lang.Object, but interface was expected> (0x00000000c69903c8) 
thrown [s\open\src\hotspot\share\interpreter\linkResolver.cpp, line 826]
Event: 16.200 Thread 0x000002300b28b250 Exception <a 'java/lang/IncompatibleClassChangeError'{0x00000000c6589ad8}: Found class java.lang.Object, but interface was expected> (0x00000000c6589ad8) 
thrown [s\open\src\hotspot\share\interpreter\linkResolver.cpp, line 826]
Event: 16.526 Thread 0x000002300b28b250 Exception <a 'sun/nio/fs/WindowsException'{0x00000000c709aa08}> (0x00000000c709aa08) 
thrown [s\open\src\hotspot\share\prims\jni.cpp, line 516]
Event: 16.646 Thread 0x000002300b28b250 Exception <a 'java/lang/IncompatibleClassChangeError'{0x00000000c6ca9148}: Found class java.lang.Object, but interface was expected> (0x00000000c6ca9148) 
thrown [s\open\src\hotspot\share\interpreter\linkResolver.cpp, line 826]
Event: 16.803 Thread 0x000002300b28b250 Exception <a 'java/lang/IncompatibleClassChangeError'{0x00000000c67f1228}: Found class java.lang.Object, but interface was expected> (0x00000000c67f1228) 
thrown [s\open\src\hotspot\share\interpreter\linkResolver.cpp, line 826]
Event: 16.818 Thread 0x000002300b28b250 Implicit null exception at 0x0000022fb8adf494 to 0x0000022fb8adf50c
Event: 16.844 Thread 0x000002300b28b250 Exception <a 'java/lang/NoSuchMethodError'{0x00000000c6569038}: 'java.lang.Object java.lang.invoke.DirectMethodHandle$Holder.invokeSpecial(java.lang.Object, java.lang.Object, java.lang.Object, java.lang.Object, java.lang.Object, java.lang.Object, java.lang.Object, java.lang.Object, java.lang.Object, java.lang.Object, java.lang.Object)'> (0x00000000c6569038) 
thrown [s\open\src\hotspot\share\interpreter\linkResolver.cpp, line 759]
Event: 16.845 Thread 0x000002300b28b250 Exception <a 'java/lang/NoSuchMethodError'{0x00000000c656d468}: 'java.lang.Object java.lang.invoke.Invokers$Holder.invoke_MT(java.lang.Object, java.lang.Object, java.lang.Object, java.lang.Object, java.lang.Object, java.lang.Object, java.lang.Object, java.lang.Object, java.lang.Object, java.lang.Object, java.lang.Object)'> (0x00000000c656d468) 
thrown [s\open\src\hotspot\share\interpreter\linkResolver.cpp, line 759]
Event: 16.962 Thread 0x000002300b28b250 Exception <a 'java/lang/NoSuchMethodError'{0x00000000c62c1c88}: 'java.lang.Object java.lang.invoke.DirectMethodHandle$Holder.newInvokeSpecial(java.lang.Object, java.lang.Object, int, java.lang.Object, java.lang.Object)'> (0x00000000c62c1c88) 
thrown [s\open\src\hotspot\share\interpreter\linkResolver.cpp, line 759]

VM Operations (20 events):
Event: 16.351 Executing VM operation: HandshakeAllThreads
Event: 16.351 Executing VM operation: HandshakeAllThreads done
Event: 16.367 Executing VM operation: G1CollectForAllocation
Event: 16.371 Executing VM operation: G1CollectForAllocation done
Event: 16.376 Executing VM operation: HandshakeAllThreads
Event: 16.376 Executing VM operation: HandshakeAllThreads done
Event: 16.472 Executing VM operation: HandshakeAllThreads
Event: 16.472 Executing VM operation: HandshakeAllThreads done
Event: 16.473 Executing VM operation: HandshakeAllThreads
Event: 16.473 Executing VM operation: HandshakeAllThreads done
Event: 16.654 Executing VM operation: HandshakeAllThreads
Event: 16.654 Executing VM operation: HandshakeAllThreads done
Event: 16.723 Executing VM operation: HandshakeAllThreads
Event: 16.723 Executing VM operation: HandshakeAllThreads done
Event: 16.959 Executing VM operation: HandshakeAllThreads
Event: 16.959 Executing VM operation: HandshakeAllThreads done
Event: 16.985 Executing VM operation: G1CollectForAllocation
Event: 16.989 Executing VM operation: G1CollectForAllocation done
Event: 17.993 Executing VM operation: Cleanup
Event: 17.993 Executing VM operation: Cleanup done

Events (20 events):
Event: 17.072 loading class java/beans/WeakIdentityMap$Entry done
Event: 17.072 loading class com/sun/beans/introspect/ClassInfo
Event: 17.073 loading class com/sun/beans/introspect/ClassInfo done
Event: 17.073 loading class com/sun/beans/introspect/ClassInfo$1
Event: 17.073 loading class com/sun/beans/util/Cache
Event: 17.073 loading class com/sun/beans/util/Cache done
Event: 17.073 loading class com/sun/beans/introspect/ClassInfo$1 done
Event: 17.074 loading class com/sun/beans/util/Cache$Kind
Event: 17.074 loading class com/sun/beans/util/Cache$Kind done
Event: 17.074 loading class com/sun/beans/util/Cache$Kind$1
Event: 17.075 loading class com/sun/beans/util/Cache$Kind$1 done
Event: 17.075 loading class com/sun/beans/util/Cache$Kind$2
Event: 17.075 loading class com/sun/beans/util/Cache$Kind$2 done
Event: 17.075 loading class com/sun/beans/util/Cache$Kind$3
Event: 17.075 loading class com/sun/beans/util/Cache$Kind$3 done
Event: 17.075 loading class com/sun/beans/util/Cache$CacheEntry
Event: 17.075 loading class com/sun/beans/util/Cache$CacheEntry done
Event: 17.077 Thread 0x000002300b69d260 Thread exited: 0x000002300b69d260
Event: 17.079 Thread 0x0000022fa9546460 Thread exited: 0x0000022fa9546460
Event: 17.079 Thread 0x000002300e4e1660 Thread added: 0x000002300e4e1660


Dynamic libraries:
0x00007ff7b8770000 - 0x00007ff7b8780000 	C:\Program Files\Java\jdk-17\bin\java.exe
0x00007fff906a0000 - 0x00007fff90905000 	C:\WINDOWS\SYSTEM32\ntdll.dll
0x00007fff8e440000 - 0x00007fff8e509000 	C:\WINDOWS\System32\KERNEL32.DLL
0x00007fff8dc90000 - 0x00007fff8e078000 	C:\WINDOWS\System32\KERNELBASE.dll
0x00007fff8da10000 - 0x00007fff8db5b000 	C:\WINDOWS\System32\ucrtbase.dll
0x00007fff7a330000 - 0x00007fff7a34b000 	C:\Program Files\Java\jdk-17\bin\VCRUNTIME140.dll
0x00007fff7a2c0000 - 0x00007fff7a2d9000 	C:\Program Files\Java\jdk-17\bin\jli.dll
0x00007fff8eb20000 - 0x00007fff8ebd3000 	C:\WINDOWS\System32\ADVAPI32.dll
0x00007fff8ea70000 - 0x00007fff8eb19000 	C:\WINDOWS\System32\msvcrt.dll
0x00007fff8ee50000 - 0x00007fff8eef6000 	C:\WINDOWS\System32\sechost.dll
0x00007fff8ed30000 - 0x00007fff8ee45000 	C:\WINDOWS\System32\RPCRT4.dll
0x00007fff8ef00000 - 0x00007fff8f0ca000 	C:\WINDOWS\System32\USER32.dll
0x00007fff6f740000 - 0x00007fff6f9da000 	C:\WINDOWS\WinSxS\amd64_microsoft.windows.common-controls_6595b64144ccf1df_6.0.26100.4202_none_3e0698d4e335f517\COMCTL32.dll
0x00007fff8d9e0000 - 0x00007fff8da07000 	C:\WINDOWS\System32\win32u.dll
0x00007fff90630000 - 0x00007fff9065b000 	C:\WINDOWS\System32\GDI32.dll
0x00007fff8d7f0000 - 0x00007fff8d927000 	C:\WINDOWS\System32\gdi32full.dll
0x00007fff8d930000 - 0x00007fff8d9d3000 	C:\WINDOWS\System32\msvcp_win.dll
0x00007fff859d0000 - 0x00007fff859db000 	C:\WINDOWS\SYSTEM32\VERSION.dll
0x00007fff8f8e0000 - 0x00007fff8f910000 	C:\WINDOWS\System32\IMM32.DLL
0x00007fff88770000 - 0x00007fff8877c000 	C:\Program Files\Java\jdk-17\bin\vcruntime140_1.dll
0x00007fff62170000 - 0x00007fff621fe000 	C:\Program Files\Java\jdk-17\bin\msvcp140.dll
0x00007fff22b70000 - 0x00007fff23750000 	C:\Program Files\Java\jdk-17\bin\server\jvm.dll
0x00007fff8e6a0000 - 0x00007fff8e6a8000 	C:\WINDOWS\System32\PSAPI.DLL
0x00007fff74290000 - 0x00007fff7429a000 	C:\WINDOWS\SYSTEM32\WSOCK32.dll
0x00007fff5c040000 - 0x00007fff5c075000 	C:\WINDOWS\SYSTEM32\WINMM.dll
0x00007fff8f920000 - 0x00007fff8f994000 	C:\WINDOWS\System32\WS2_32.dll
0x00007fff8c5b0000 - 0x00007fff8c5cb000 	C:\WINDOWS\SYSTEM32\kernel.appcore.dll
0x00007fff88630000 - 0x00007fff8863a000 	C:\Program Files\Java\jdk-17\bin\jimage.dll
0x00007fff78eb0000 - 0x00007fff790f1000 	C:\WINDOWS\SYSTEM32\DBGHELP.DLL
0x00007fff8e6d0000 - 0x00007fff8ea55000 	C:\WINDOWS\System32\combase.dll
0x00007fff8e5b0000 - 0x00007fff8e691000 	C:\WINDOWS\System32\OLEAUT32.dll
0x00007fff78cf0000 - 0x00007fff78d29000 	C:\WINDOWS\SYSTEM32\dbgcore.DLL
0x00007fff8db60000 - 0x00007fff8dbf9000 	C:\WINDOWS\System32\bcryptPrimitives.dll
0x00007fff62be0000 - 0x00007fff62c05000 	C:\Program Files\Java\jdk-17\bin\java.dll
0x00007fff5eb50000 - 0x00007fff5ec27000 	C:\Program Files\Java\jdk-17\bin\jsvml.dll
0x00007fff8fcc0000 - 0x00007fff90402000 	C:\WINDOWS\System32\SHELL32.dll
0x00007fff8e080000 - 0x00007fff8e1f4000 	C:\WINDOWS\System32\wintypes.dll
0x00007fff8b490000 - 0x00007fff8bce8000 	C:\WINDOWS\SYSTEM32\windows.storage.dll
0x00007fff8fbc0000 - 0x00007fff8fcb1000 	C:\WINDOWS\System32\SHCORE.dll
0x00007fff8f2e0000 - 0x00007fff8f34a000 	C:\WINDOWS\System32\shlwapi.dll
0x00007fff8d700000 - 0x00007fff8d72f000 	C:\WINDOWS\SYSTEM32\profapi.dll
0x00007fff76f40000 - 0x00007fff76f59000 	C:\Program Files\Java\jdk-17\bin\net.dll
0x00007fff81b80000 - 0x00007fff81c9e000 	C:\WINDOWS\SYSTEM32\WINHTTP.dll
0x00007fff8cb20000 - 0x00007fff8cb8a000 	C:\WINDOWS\system32\mswsock.dll
0x00007fff769f0000 - 0x00007fff76a06000 	C:\Program Files\Java\jdk-17\bin\nio.dll
0x00007fff66e10000 - 0x00007fff66e28000 	C:\Program Files\Java\jdk-17\bin\zip.dll
0x00007fff87210000 - 0x00007fff8721a000 	C:\Program Files\Java\jdk-17\bin\management.dll
0x00007fff85d40000 - 0x00007fff85d4b000 	C:\Program Files\Java\jdk-17\bin\management_ext.dll
0x00007fff7a320000 - 0x00007fff7a32e000 	C:\Program Files\Java\jdk-17\bin\sunmscapi.dll
0x00007fff8e200000 - 0x00007fff8e377000 	C:\WINDOWS\System32\CRYPT32.dll
0x00007fff8cff0000 - 0x00007fff8d020000 	C:\WINDOWS\SYSTEM32\ncrypt.dll
0x00007fff8cfa0000 - 0x00007fff8cfdf000 	C:\WINDOWS\SYSTEM32\NTASN1.dll
0x00007fff8cdd0000 - 0x00007fff8cdeb000 	C:\WINDOWS\SYSTEM32\CRYPTSP.dll
0x00007fff8c510000 - 0x00007fff8c54a000 	C:\WINDOWS\system32\rsaenh.dll
0x00007fff8cbc0000 - 0x00007fff8cbeb000 	C:\WINDOWS\SYSTEM32\USERENV.dll
0x00007fff8d6d0000 - 0x00007fff8d6f6000 	C:\WINDOWS\SYSTEM32\bcrypt.dll
0x00007fff8cdf0000 - 0x00007fff8cdfc000 	C:\WINDOWS\SYSTEM32\CRYPTBASE.dll
0x00007fff8bfe0000 - 0x00007fff8c013000 	C:\WINDOWS\SYSTEM32\IPHLPAPI.DLL
0x00007fff8fb80000 - 0x00007fff8fb8a000 	C:\WINDOWS\System32\NSI.dll
0x00007fff81d20000 - 0x00007fff81d3f000 	C:\WINDOWS\SYSTEM32\dhcpcsvc6.DLL
0x00007fff81590000 - 0x00007fff815b5000 	C:\WINDOWS\SYSTEM32\dhcpcsvc.DLL
0x00007fff8c070000 - 0x00007fff8c197000 	C:\WINDOWS\SYSTEM32\DNSAPI.dll
0x00007fff7a2b0000 - 0x00007fff7a2c0000 	C:\Program Files\Java\jdk-17\bin\verify.dll
0x00007fff85920000 - 0x00007fff8592b000 	C:\Windows\System32\rasadhlp.dll
0x00007fff815c0000 - 0x00007fff81646000 	C:\WINDOWS\System32\fwpuclnt.dll
0x00007fff56b90000 - 0x00007fff56b98000 	C:\WINDOWS\system32\wshunix.dll

dbghelp: loaded successfully - version: 4.0.5 - missing functions: none
symbol engine: initialized successfully - sym options: 0x614 - pdb path: .;C:\Program Files\Java\jdk-17\bin;C:\WINDOWS\SYSTEM32;C:\WINDOWS\WinSxS\amd64_microsoft.windows.common-controls_6595b64144ccf1df_6.0.26100.4202_none_3e0698d4e335f517;C:\Program Files\Java\jdk-17\bin\server

VM Arguments:
jvm_args: -XX:+ShowCodeDetailsInExceptionMessages 
java_command: com.example.meu_primeiro_springboot.MeuPrimeiroSpringbootApplication
java_class_path (initial): C:\Users\silva\OneDrive\Documentos\JAVA\meu-primeiro-springboot\target\classes;c:\Users\silva\.m2\repository\org\springframework\boot\spring-boot-starter-web\3.5.3\spring-boot-starter-web-3.5.3.jar;c:\Users\silva\.m2\repository\org\springframework\boot\spring-boot-starter\3.5.3\spring-boot-starter-3.5.3.jar;c:\Users\silva\.m2\repository\org\springframework\boot\spring-boot-starter-logging\3.5.3\spring-boot-starter-logging-3.5.3.jar;c:\Users\silva\.m2\repository\ch\qos\logback\logback-classic\1.5.18\logback-classic-1.5.18.jar;c:\Users\silva\.m2\repository\ch\qos\logback\logback-core\1.5.18\logback-core-1.5.18.jar;c:\Users\silva\.m2\repository\org\apache\logging\log4j\log4j-to-slf4j\2.24.3\log4j-to-slf4j-2.24.3.jar;c:\Users\silva\.m2\repository\org\apache\logging\log4j\log4j-api\2.24.3\log4j-api-2.24.3.jar;c:\Users\silva\.m2\repository\org\slf4j\jul-to-slf4j\2.0.17\jul-to-slf4j-2.0.17.jar;c:\Users\silva\.m2\repository\jakarta\annotation\jakarta.annotation-api\2.1.1\jakarta.annotation-api-2.1.1.jar;c:\Users\silva\.m2\repository\org\yaml\snakeyaml\2.4\snakeyaml-2.4.jar;c:\Users\silva\.m2\repository\org\springframework\boot\spring-boot-starter-json\3.5.3\spring-boot-starter-json-3.5.3.jar;c:\Users\silva\.m2\repository\com\fasterxml\jackson\core\jackson-databind\2.19.1\jackson-databind-2.19.1.jar;c:\Users\silva\.m2\repository\com\fasterxml\jackson\core\jackson-annotations\2.19.1\jackson-annotations-2.19.1.jar;c:\Users\silva\.m2\repository\com\fasterxml\jackson\core\jackson-core\2.19.1\jackson-core-2.19.1.jar;c:\Users\silva\.m2\repository\com\fasterxml\jackson\datatype\jackson-datatype-jdk8\2.19.1\jackson-datatype-jdk8-2.19.1.jar;c:\Users\silva\.m2\repository\com\fasterxml\jackson\datatype\jackson-datatype-jsr310\2.19.1\jackson-datatype-jsr310-2.19.1.jar;c:\Users\silva\.m2\repository\com\fasterxml\jackson\module\jackson-module-parameter-names\2.19.1\jackson-module-parameter-names-2.19.1.jar;c:\Users\silva\.m2\repository\org\springframework\boot
Launcher Type: SUN_STANDARD

[Global flags]
     intx CICompilerCount                          = 4                                         {product} {ergonomic}
     uint ConcGCThreads                            = 2                                         {product} {ergonomic}
     uint G1ConcRefinementThreads                  = 8                                         {product} {ergonomic}
   size_t G1HeapRegionSize                         = 1048576                                   {product} {ergonomic}
    uintx GCDrainStackTargetSize                   = 64                                        {product} {ergonomic}
   size_t InitialHeapSize                          = 65011712                                  {product} {ergonomic}
   size_t MarkStackSize                            = 4194304                                   {product} {ergonomic}
   size_t MaxHeapSize                              = 1008730112                                {product} {ergonomic}
   size_t MaxNewSize                               = 605028352                                 {product} {ergonomic}
   size_t MinHeapDeltaBytes                        = 1048576                                   {product} {ergonomic}
   size_t MinHeapSize                              = 8388608                                   {product} {ergonomic}
    uintx NonNMethodCodeHeapSize                   = 5839372                                {pd product} {ergonomic}
    uintx NonProfiledCodeHeapSize                  = 122909434                              {pd product} {ergonomic}
    uintx ProfiledCodeHeapSize                     = 122909434                              {pd product} {ergonomic}
    uintx ReservedCodeCacheSize                    = 251658240                              {pd product} {ergonomic}
     bool SegmentedCodeCache                       = true                                      {product} {ergonomic}
     bool ShowCodeDetailsInExceptionMessages       = true                                   {manageable} {command line}
   size_t SoftMaxHeapSize                          = 1008730112                             {manageable} {ergonomic}
     bool UseCompressedClassPointers               = true                           {product lp64_product} {ergonomic}
     bool UseCompressedOops                        = true                           {product lp64_product} {ergonomic}
     bool UseG1GC                                  = true                                      {product} {ergonomic}
     bool UseLargePagesIndividualAllocation        = false                                  {pd product} {ergonomic}

Logging:
Log output configuration:
 #0: stdout all=warning uptime,level,tags
 #1: stderr all=off uptime,level,tags

Environment Variables:
JAVA_HOME=C:\Program Files\Java\jdk-17
PATH=C:\Windows\system32;C:\Windows;C:\Windows\System32\Wbem;C:\Windows\System32\WindowsPowerShell\v1.0\;C:\Windows\System32\OpenSSH\;C:\Program Files\dotnet\;C:\Program Files\Microsoft SQL Server\Client SDK\ODBC\170\Tools\Binn\;C:\WINDOWS\system32;C:\WINDOWS;C:\WINDOWS\System32\Wbem;C:\WINDOWS\System32\WindowsPowerShell\v1.0\;C:\WINDOWS\System32\OpenSSH\;C:\Program Files (x86)\Microsoft SQL Server\160\Tools\Binn\;C:\Program Files\Microsoft SQL Server\160\Tools\Binn\;C:\Program Files\Microsoft SQL Server\160\DTS\Binn\;C:\Program Files (x86)\Microsoft SQL Server\160\DTS\Binn\;C:\Program Files\Azure Data Studio\bin;C:\composer;F:\Program Files\;C:\Program Files\Git\cmd;F:\Program Files\dotnet\;C:\apache-maven-3.9.10\bin;C:\Program Files\Java\jdk-17\bin;F:\Program Files\MySQL\MySQL Shell 8.0\bin\;C:\Users\silva\AppData\Local\Microsoft\WindowsApps;C:\Users\silva\Downloads\Programas\Microsoft VS Code\bin;C:\ProgramData\silva\GitHubDesktop\bin;C:\Users\silva\AppData\Local\GitHubDesktop\bin;C:\Program Files\Azure Data Studio\bin;C:\php-8.2.5;C:\Users\silva\AppData\Roaming\Composer\vendor\bin;C:\Users\silva\AppData\Roaming\npm;C:\Users\silva\AppData\Local\Programs\Microsoft VS Code\bin
USERNAME=silva
LANG=en_US.UTF-8
OS=Windows_NT
PROCESSOR_IDENTIFIER=Intel64 Family 6 Model 165 Stepping 3, GenuineIntel



---------------  S Y S T E M  ---------------

OS:
 Windows 11 , 64 bit Build 26100 (10.0.26100.4202)
OS uptime: 0 days 0:57 hours

CPU: total 8 (initial active 8) (4 cores per cpu, 2 threads per core) family 6 model 165 stepping 3 microcode 0xf0, cx8, cmov, fxsr, ht, mmx, 3dnowpref, sse, sse2, sse3, ssse3, sse4.1, sse4.2, popcnt, lzcnt, tsc, tscinvbit, avx, avx2, aes, erms, clmul, bmi1, bmi2, adx, fma, vzeroupper, clflush, clflushopt

Memory: 4k page, system-wide physical 3842M (194M free)
TotalPageFile size 15618M (AvailPageFile size 17M)
current process WorkingSet (physical memory assigned to process): 207M, peak: 216M
current process commit charge ("private bytes"): 265M, peak: 269M

vm_info: Java HotSpot(TM) 64-Bit Server VM (17.0.12+8-LTS-286) for windows-amd64 JRE (17.0.12+8-LTS-286), built on Jun  5 2024 06:46:59 by "mach5one" with MS VC++ 17.6 (VS2022)

END.
